<?xml version="1.0" encoding="UTF-8"?>
<!-- Generated by org.testng.reporters.JUnitXMLReporter -->
<testsuite ignored="0" hostname="ProBook" failures="1" tests="3" name="Test" time="18.591" errors="0" timestamp="2021-10-05T22:40:53 EDT">
  <testcase classname="framework.RediffTest" name="rediffTester" time="6.108"/>
  <testcase classname="framework.RediffTest" name="rediffTester" time="8.577"/>
  <testcase classname="framework.Validator" name="getValidate" time="0.174">
    <failure type="java.lang.AssertionError" message="expected [Rediff.com: News | Rediffmail | Stock Quotes | Shopping] but found [Rediff.com: News | Rediffmail | Stock Quotes | Shoppin]">
      <![CDATA[java.lang.AssertionError: expected [Rediff.com: News | Rediffmail | Stock Quotes | Shopping] but found [Rediff.com: News | Rediffmail | Stock Quotes | Shoppin]
at framework.Validator.getValidate(Validator.java:29)
at java.base/java.util.ArrayList.forEach(ArrayList.java:1511)
... Removed 33 stack frames]]>
    </failure>
  </testcase> <!-- getValidate -->
</testsuite> <!-- Test -->
