<?xml version="1.0" encoding="UTF-8"?>
<!-- Generated by org.testng.reporters.JUnitXMLReporter -->
<testsuite ignored="0" hostname="ProBook" failures="0" tests="3" name="Test" time="22.481" errors="0" timestamp="2021-10-05T01:51:23 EDT">
  <testcase classname="framework.RediffTest" name="rediffTester" time="5.717"/>
  <testcase classname="framework.RediffTest" name="rediffTester" time="12.871"/>
  <testcase classname="framework.Validator" name="getValidate" time="0.41"/>
</testsuite> <!-- Test -->
