<?xml version="1.0" encoding="UTF-8"?>
<testng-results ignored="0" total="3" passed="3" failed="0" skipped="0">
  <reporter-output>
  </reporter-output>
  <suite started-at="2021-10-05T01:51:00 EDT" name="Suite" finished-at="2021-10-05T01:51:23 EDT" duration-ms="22481">
    <groups>
    </groups>
    <test started-at="2021-10-05T01:51:00 EDT" name="Test" finished-at="2021-10-05T01:51:23 EDT" duration-ms="22481">
      <class name="framework.RediffTest">
        <test-method signature="rediffTester(java.lang.String,java.lang.String)[pri:0, instance:framework.RediffTest@1c72da34]" started-at="2021-10-05T01:51:04 EDT" name="rediffTester" data-provider="getLoginInfo" finished-at="2021-10-05T01:51:09 EDT" duration-ms="5717" status="PASS">
          <params>
            <param index="0">
              <value>
                <![CDATA[hello@gmail.com]]>
              </value>
            </param>
            <param index="1">
              <value>
                <![CDATA[abcdef]]>
              </value>
            </param>
          </params>
          <reporter-output>
          </reporter-output>
        </test-method> <!-- rediffTester -->
        <test-method signature="rediffTester(java.lang.String,java.lang.String)[pri:0, instance:framework.RediffTest@1c72da34]" started-at="2021-10-05T01:51:09 EDT" name="rediffTester" data-provider="getLoginInfo" finished-at="2021-10-05T01:51:22 EDT" duration-ms="12871" status="PASS">
          <params>
            <param index="0">
              <value>
                <![CDATA[john@gmail.com]]>
              </value>
            </param>
            <param index="1">
              <value>
                <![CDATA[123456]]>
              </value>
            </param>
          </params>
          <reporter-output>
          </reporter-output>
        </test-method> <!-- rediffTester -->
      </class> <!-- framework.RediffTest -->
      <class name="framework.Validator">
        <test-method is-config="true" signature="initialize()[pri:0, instance:framework.Validator@1b68b9a4]" started-at="2021-10-05T01:51:00 EDT" name="initialize" finished-at="2021-10-05T01:51:04 EDT" duration-ms="3289" status="PASS">
          <reporter-output>
          </reporter-output>
        </test-method> <!-- initialize -->
        <test-method signature="getValidate()[pri:0, instance:framework.Validator@1b68b9a4]" started-at="2021-10-05T01:51:22 EDT" name="getValidate" finished-at="2021-10-05T01:51:23 EDT" duration-ms="410" status="PASS">
          <reporter-output>
          </reporter-output>
        </test-method> <!-- getValidate -->
        <test-method is-config="true" signature="closeBrowser()[pri:0, instance:framework.Validator@1b68b9a4]" started-at="2021-10-05T01:51:23 EDT" name="closeBrowser" finished-at="2021-10-05T01:51:23 EDT" duration-ms="122" status="PASS">
          <reporter-output>
          </reporter-output>
        </test-method> <!-- closeBrowser -->
      </class> <!-- framework.Validator -->
    </test> <!-- Test -->
  </suite> <!-- Suite -->
</testng-results>
