<?xml version="1.0" encoding="UTF-8"?>
<testng-results ignored="0" total="2" passed="2" failed="0" skipped="0">
  <reporter-output>
  </reporter-output>
  <suite started-at="2021-10-05T00:11:38 EDT" name="Surefire suite" finished-at="2021-10-05T00:11:58 EDT" duration-ms="19828">
    <groups>
    </groups>
    <test started-at="2021-10-05T00:11:38 EDT" name="Surefire test" finished-at="2021-10-05T00:11:58 EDT" duration-ms="19828">
      <class name="framework.RediffTest">
        <test-method signature="rediffTester(java.lang.String,java.lang.String)[pri:0, instance:framework.RediffTest@75881071]" started-at="2021-10-05T00:11:38 EDT" name="rediffTester" data-provider="getLoginInfo" finished-at="2021-10-05T00:11:46 EDT" duration-ms="8179" status="PASS">
          <params>
            <param index="0">
              <value>
                <![CDATA[hello@gmail.com]]>
              </value>
            </param>
            <param index="1">
              <value>
                <![CDATA[abcdef]]>
              </value>
            </param>
          </params>
          <reporter-output>
          </reporter-output>
        </test-method> <!-- rediffTester -->
        <test-method signature="rediffTester(java.lang.String,java.lang.String)[pri:0, instance:framework.RediffTest@75881071]" started-at="2021-10-05T00:11:46 EDT" name="rediffTester" data-provider="getLoginInfo" finished-at="2021-10-05T00:11:57 EDT" duration-ms="10992" status="PASS">
          <params>
            <param index="0">
              <value>
                <![CDATA[john@gmail.com]]>
              </value>
            </param>
            <param index="1">
              <value>
                <![CDATA[123456]]>
              </value>
            </param>
          </params>
          <reporter-output>
          </reporter-output>
        </test-method> <!-- rediffTester -->
        <test-method is-config="true" signature="closeBrowser()[pri:0, instance:framework.RediffTest@75881071]" started-at="2021-10-05T00:11:57 EDT" name="closeBrowser" finished-at="2021-10-05T00:11:58 EDT" duration-ms="493" status="PASS">
          <reporter-output>
          </reporter-output>
        </test-method> <!-- closeBrowser -->
      </class> <!-- framework.RediffTest -->
    </test> <!-- Surefire test -->
  </suite> <!-- Surefire suite -->
</testng-results>
