<?xml version="1.0" encoding="UTF-8"?>
<testng-results ignored="0" total="3" passed="3" failed="0" skipped="0">
  <reporter-output>
  </reporter-output>
  <suite started-at="2021-10-04T23:58:27 EDT" name="Suite" finished-at="2021-10-04T23:58:48 EDT" duration-ms="21263">
    <groups>
    </groups>
    <test started-at="2021-10-04T23:58:27 EDT" name="Test" finished-at="2021-10-04T23:58:48 EDT" duration-ms="21263">
      <class name="framework.RediffTest">
        <test-method signature="rediffTester(java.lang.String,java.lang.String)[pri:0, instance:framework.RediffTest@4f638935]" started-at="2021-10-04T23:58:32 EDT" name="rediffTester" data-provider="getLoginInfo" finished-at="2021-10-04T23:58:38 EDT" duration-ms="5914" status="PASS">
          <params>
            <param index="0">
              <value>
                <![CDATA[hello@gmail.com]]>
              </value>
            </param>
            <param index="1">
              <value>
                <![CDATA[abcdef]]>
              </value>
            </param>
          </params>
          <reporter-output>
          </reporter-output>
        </test-method> <!-- rediffTester -->
        <test-method signature="rediffTester(java.lang.String,java.lang.String)[pri:0, instance:framework.RediffTest@4f638935]" started-at="2021-10-04T23:58:38 EDT" name="rediffTester" data-provider="getLoginInfo" finished-at="2021-10-04T23:58:46 EDT" duration-ms="7806" status="PASS">
          <params>
            <param index="0">
              <value>
                <![CDATA[john@gmail.com]]>
              </value>
            </param>
            <param index="1">
              <value>
                <![CDATA[123456]]>
              </value>
            </param>
          </params>
          <reporter-output>
          </reporter-output>
        </test-method> <!-- rediffTester -->
        <test-method is-config="true" signature="closeBrowser()[pri:0, instance:framework.RediffTest@4f638935]" started-at="2021-10-04T23:58:47 EDT" name="closeBrowser" finished-at="2021-10-04T23:58:48 EDT" duration-ms="1391" status="PASS">
          <reporter-output>
          </reporter-output>
        </test-method> <!-- closeBrowser -->
      </class> <!-- framework.RediffTest -->
      <class name="framework.Validator">
        <test-method is-config="true" signature="initialize()[pri:0, instance:framework.Validator@2aa3cd93]" started-at="2021-10-04T23:58:27 EDT" name="initialize" finished-at="2021-10-04T23:58:32 EDT" duration-ms="5115" status="PASS">
          <reporter-output>
          </reporter-output>
        </test-method> <!-- initialize -->
        <test-method signature="getValidate()[pri:0, instance:framework.Validator@2aa3cd93]" started-at="2021-10-04T23:58:46 EDT" name="getValidate" finished-at="2021-10-04T23:58:47 EDT" duration-ms="786" status="PASS">
          <reporter-output>
          </reporter-output>
        </test-method> <!-- getValidate -->
        <test-method is-config="true" signature="closeBrowser()[pri:0, instance:framework.Validator@2aa3cd93]" started-at="2021-10-04T23:58:48 EDT" name="closeBrowser" finished-at="2021-10-04T23:58:48 EDT" duration-ms="182" status="PASS">
          <reporter-output>
          </reporter-output>
        </test-method> <!-- closeBrowser -->
      </class> <!-- framework.Validator -->
    </test> <!-- Test -->
  </suite> <!-- Suite -->
</testng-results>
